<?xml version="1.0" encoding="UTF-8"?>
<testng-results ignored="0" total="3" passed="3" failed="0" skipped="0">
  <reporter-output>
  </reporter-output>
  <suite started-at="2024-04-10T15:00:34 IST" name="Default suite" finished-at="2024-04-10T15:01:00 IST" duration-ms="25784">
    <groups>
    </groups>
    <test started-at="2024-04-10T15:00:34 IST" name="Default test" finished-at="2024-04-10T15:01:00 IST" duration-ms="25784">
      <class name="test.Main">
        <test-method is-config="true" signature="setUp()[pri:0, instance:test.Main@221a3fa4]" started-at="2024-04-10T15:00:34 IST" name="setUp" finished-at="2024-04-10T15:00:40 IST" duration-ms="5905" status="PASS">
          <reporter-output>
          </reporter-output>
        </test-method> <!-- setUp -->
        <test-method signature="linkCheck()[pri:1, instance:test.Main@221a3fa4]" started-at="2024-04-10T15:00:40 IST" name="linkCheck" finished-at="2024-04-10T15:00:40 IST" duration-ms="16" status="PASS">
          <reporter-output>
          </reporter-output>
        </test-method> <!-- linkCheck -->
        <test-method is-config="true" signature="teardown()[pri:0, instance:test.Main@221a3fa4]" started-at="2024-04-10T15:00:40 IST" name="teardown" finished-at="2024-04-10T15:00:40 IST" duration-ms="336" status="PASS">
          <reporter-output>
          </reporter-output>
        </test-method> <!-- teardown -->
        <test-method is-config="true" signature="setUp()[pri:0, instance:test.Main@221a3fa4]" started-at="2024-04-10T15:00:40 IST" name="setUp" finished-at="2024-04-10T15:00:45 IST" duration-ms="4680" status="PASS">
          <reporter-output>
          </reporter-output>
        </test-method> <!-- setUp -->
        <test-method signature="signIn()[pri:2, instance:test.Main@221a3fa4]" started-at="2024-04-10T15:00:45 IST" name="signIn" finished-at="2024-04-10T15:00:46 IST" duration-ms="739" status="PASS">
          <reporter-output>
          </reporter-output>
        </test-method> <!-- signIn -->
        <test-method is-config="true" signature="teardown()[pri:0, instance:test.Main@221a3fa4]" started-at="2024-04-10T15:00:46 IST" name="teardown" finished-at="2024-04-10T15:00:46 IST" duration-ms="176" status="PASS">
          <reporter-output>
          </reporter-output>
        </test-method> <!-- teardown -->
        <test-method is-config="true" signature="setUp()[pri:0, instance:test.Main@221a3fa4]" started-at="2024-04-10T15:00:46 IST" name="setUp" finished-at="2024-04-10T15:00:50 IST" duration-ms="4379" status="PASS">
          <reporter-output>
          </reporter-output>
        </test-method> <!-- setUp -->
        <test-method signature="ms_signin()[pri:3, instance:test.Main@221a3fa4]" started-at="2024-04-10T15:00:50 IST" name="ms_signin" finished-at="2024-04-10T15:01:00 IST" duration-ms="9293" status="PASS">
          <reporter-output>
          </reporter-output>
        </test-method> <!-- ms_signin -->
        <test-method is-config="true" signature="teardown()[pri:0, instance:test.Main@221a3fa4]" started-at="2024-04-10T15:01:00 IST" name="teardown" finished-at="2024-04-10T15:01:00 IST" duration-ms="223" status="PASS">
          <reporter-output>
          </reporter-output>
        </test-method> <!-- teardown -->
      </class> <!-- test.Main -->
    </test> <!-- Default test -->
  </suite> <!-- Default suite -->
</testng-results>
